Traceback (most recent call last):
  File "/home/ec2-user/anaconda3/lib/python3.8/site-packages/jupyter_cache/executors/utils.py", line 51, in single_nb_execution
    executenb(
  File "/home/ec2-user/anaconda3/lib/python3.8/site-packages/nbclient/client.py", line 1082, in execute
    return NotebookClient(nb=nb, resources=resources, km=km, **kwargs).execute()
  File "/home/ec2-user/anaconda3/lib/python3.8/site-packages/nbclient/util.py", line 74, in wrapped
    return just_run(coro(*args, **kwargs))
  File "/home/ec2-user/anaconda3/lib/python3.8/site-packages/nbclient/util.py", line 53, in just_run
    return loop.run_until_complete(coro)
  File "/home/ec2-user/anaconda3/lib/python3.8/asyncio/base_events.py", line 616, in run_until_complete
    return future.result()
  File "/home/ec2-user/anaconda3/lib/python3.8/site-packages/nbclient/client.py", line 535, in async_execute
    await self.async_execute_cell(
  File "/home/ec2-user/anaconda3/lib/python3.8/site-packages/nbclient/client.py", line 827, in async_execute_cell
    self._check_raise_for_error(cell, exec_reply)
  File "/home/ec2-user/anaconda3/lib/python3.8/site-packages/nbclient/client.py", line 735, in _check_raise_for_error
    raise CellExecutionError.from_cell_and_msg(cell, exec_reply['content'])
nbclient.exceptions.CellExecutionError: An error occurred while executing the following cell:
------------------
dt.cbind(payments_dt,payment_default_1)
------------------

[0;31m---------------------------------------------------------------------------[0m
[0;31mValueError[0m                                Traceback (most recent call last)
[0;32m<ipython-input-62-4abcb74a84ca>[0m in [0;36m<module>[0;34m[0m
[0;32m----> 1[0;31m [0mdt[0m[0;34m.[0m[0mcbind[0m[0;34m([0m[0mpayments_dt[0m[0;34m,[0m[0mpayment_default_1[0m[0;34m)[0m[0;34m[0m[0;34m[0m[0m
[0m
[0;31mValueError[0m: Cannot cbind frame with 10 rows to a frame with 11 rows. Use `force=True` to disregard this check and merge the frames anyways.
ValueError: Cannot cbind frame with 10 rows to a frame with 11 rows. Use `force=True` to disregard this check and merge the frames anyways.

